#
# There is insufficient memory for the Java Runtime Environment to continue.
# Native memory allocation (mmap) failed to map 2031616 bytes. Error detail: G1 virtual space
# Possible reasons:
#   The system is out of physical RAM or swap space
#   This process is running with CompressedOops enabled, and the Java Heap may be blocking the growth of the native heap
# Possible solutions:
#   Reduce memory load on the system
#   Increase physical memory or swap space
#   Check if swap backing store is full
#   Decrease Java heap size (-Xmx/-Xms)
#   Decrease number of Java threads
#   Decrease Java thread stack sizes (-Xss)
#   Set larger code cache with -XX:ReservedCodeCacheSize=
#   JVM is running with Unscaled Compressed Oops mode in which the Java heap is
#     placed in the first 4GB address space. The Java Heap base address is the
#     maximum limit for the native heap growth. Please use -XX:HeapBaseMinAddress
#     to set the Java Heap base and to place the Java Heap above 4GB virtual address.
# This output file may be truncated or incomplete.
#
#  Out of Memory Error (os_windows.cpp:3898), pid=20016, tid=13356
#
# JRE version:  (21.0.6+8) (build )
# Java VM: OpenJDK 64-Bit Server VM (21.0.6+8-b631.39, mixed mode, sharing, tiered, compressed oops, compressed class ptrs, g1 gc, windows-amd64)
# No core dump will be written. Minidumps are not enabled by default on client versions of Windows
#

---------------  S U M M A R Y ------------

Command Line: git4idea.http.GitAskPassApp Username for 'https://github.com': 

Host: 13th Gen Intel(R) Core(TM) i3-1305U, 6 cores, 7G,  Windows 11 , 64 bit Build 26100 (10.0.26100.7309)
Time: Tue Jan 20 11:30:06 2026 Sri Lanka Standard Time elapsed time: 0.036709 seconds (0d 0h 0m 0s)

---------------  T H R E A D  ---------------

Current thread (0x000001e609761f20):  JavaThread "Unknown thread" [_thread_in_vm, id=13356, stack(0x0000009840400000,0x0000009840500000) (1024K)]

Stack: [0x0000009840400000,0x0000009840500000]
Native frames: (J=compiled Java code, j=interpreted, Vv=VM code, C=native code)
V  [jvm.dll+0x6e5d39]
V  [jvm.dll+0x8c4133]
V  [jvm.dll+0x8c668e]
V  [jvm.dll+0x8c6d73]
V  [jvm.dll+0x288f76]
V  [jvm.dll+0x6e25f5]
V  [jvm.dll+0x6d60aa]
V  [jvm.dll+0x3635bb]
V  [jvm.dll+0x36b186]
V  [jvm.dll+0x3bd4cb]
V  [jvm.dll+0x3bd788]
V  [jvm.dll+0x335d2c]
V  [jvm.dll+0x336a1b]
V  [jvm.dll+0x88b589]
V  [jvm.dll+0x3ca688]
V  [jvm.dll+0x874698]
V  [jvm.dll+0x45f04e]
V  [jvm.dll+0x460d31]
C  [jli.dll+0x52ab]
C  [ucrtbase.dll+0x37b0]
C  [KERNEL32.DLL+0x2e8d7]
C  [ntdll.dll+0x8c53c]


---------------  P R O C E S S  ---------------

Threads class SMR info:
_java_thread_list=0x00007ffc64fba148, length=0, elements={
}

Java Threads: ( => current thread )
Total: 0

Other Threads:
  0x000001e60990e430 WorkerThread "GC Thread#0"                     [id=864, stack(0x0000009840500000,0x0000009840600000) (1024K)]
  0x000001e60991ea50 ConcurrentGCThread "G1 Main Marker"            [id=14488, stack(0x0000009840600000,0x0000009840700000) (1024K)]
  0x000001e6099213e0 WorkerThread "G1 Conc#0"                       [id=12808, stack(0x0000009840700000,0x0000009840800000) (1024K)]

[error occurred during error reporting (printing all threads), id 0xc0000005, EXCEPTION_ACCESS_VIOLATION (0xc0000005) at pc=0x00007ffc646a8de7]
VM state: not at safepoint (not fully initialized)

VM Mutex/Monitor currently owned by a thread:  ([mutex/lock_event])
[0x00007ffc6502eb30] Heap_lock - owner thread: 0x000001e609761f20

Heap address: 0x0000000084e00000, size: 1970 MB, Compressed Oops mode: 32-bit

CDS archive(s) mapped at: [0x0000000000000000-0x0000000000000000-0x0000000000000000), size 0, SharedBaseAddress: 0x0000000800000000, ArchiveRelocationMode: 1.
Narrow klass base: 0x0000000000000000, Narrow klass shift: 0, Narrow klass range: 0x0

GC Precious Log:
 CardTable entry size: 512
 Card Set container configuration: InlinePtr #cards 5 size 8 Array Of Cards #cards 12 size 40 Howl #buckets 4 coarsen threshold 1843 Howl Bitmap #cards 512 size 80 coarsen threshold 460 Card regions per heap region 1 cards per card region 2048

Heap:
 garbage-first heap   total 0K, used 0K [0x0000000084e00000, 0x0000000100000000)
  region size 1024K, 0 young (0K), 0 survivors (0K)
 Metaspace       used 0K, committed 0K, reserved 0K
  class space    used 0K, committed 0K, reserved 0K

Heap Regions: E=young(eden), S=young(survivor), O=old, HS=humongous(starts), HC=humongous(continues), CS=collection set, F=free, TAMS=top-at-mark-start, PB=parsable bottom

Card table byte_map: [0x000001e61ed70000,0x000001e61f150000] _byte_map_base: 0x000001e61e949000

Marking Bits: (CMBitMap*) 0x000001e60990eb30
 Bits: [0x000001e61f150000, 0x000001e621018000)

GC Heap History (0 events):
No events

Dll operation events (1 events):
Event: 0.011 Loaded shared library C:\Program Files\JetBrains\IntelliJ IDEA Community Edition 2024.3.5\jbr\bin\java.dll

Deoptimization events (0 events):
No events

Classes loaded (0 events):
No events

Classes unloaded (0 events):
No events

Classes redefined (0 events):
No events

Internal exceptions (0 events):
No events

ZGC Phase Switch (0 events):
No events

VM Operations (0 events):
No events

Memory protections (0 events):
No events

Nmethod flushes (0 events):
No events

Events (0 events):
No events


Dynamic libraries:
0x00007ff7198c0000 - 0x00007ff7198ca000 	C:\Program Files\JetBrains\IntelliJ IDEA Community Edition 2024.3.5\jbr\bin\java.exe
0x00007ffcf2a00000 - 0x00007ffcf2c67000 	C:\WINDOWS\SYSTEM32\ntdll.dll
0x00007ffcf23d0000 - 0x00007ffcf2499000 	C:\WINDOWS\System32\KERNEL32.DLL
0x00007ffcefeb0000 - 0x00007ffcf029f000 	C:\WINDOWS\System32\KERNELBASE.dll
0x00007ffcefd60000 - 0x00007ffcefeab000 	C:\WINDOWS\System32\ucrtbase.dll
0x00007ffcd6a20000 - 0x00007ffcd6a38000 	C:\Program Files\JetBrains\IntelliJ IDEA Community Edition 2024.3.5\jbr\bin\jli.dll
0x00007ffcd6960000 - 0x00007ffcd697b000 	C:\Program Files\JetBrains\IntelliJ IDEA Community Edition 2024.3.5\jbr\bin\VCRUNTIME140.dll
0x00007ffcf24d0000 - 0x00007ffcf2695000 	C:\WINDOWS\System32\USER32.dll
0x00007ffcf02b0000 - 0x00007ffcf02d7000 	C:\WINDOWS\System32\win32u.dll
0x00007ffcf0850000 - 0x00007ffcf087b000 	C:\WINDOWS\System32\GDI32.dll
0x00007ffcd2360000 - 0x00007ffcd25f3000 	C:\WINDOWS\WinSxS\amd64_microsoft.windows.common-controls_6595b64144ccf1df_6.0.26100.7309_none_3e05feeae336a044\COMCTL32.dll
0x00007ffcf05b0000 - 0x00007ffcf06dc000 	C:\WINDOWS\System32\gdi32full.dll
0x00007ffcf0390000 - 0x00007ffcf0433000 	C:\WINDOWS\System32\msvcp_win.dll
0x00007ffcf07a0000 - 0x00007ffcf0849000 	C:\WINDOWS\System32\msvcrt.dll
0x00007ffcf1840000 - 0x00007ffcf1871000 	C:\WINDOWS\System32\IMM32.DLL
0x00007ffcd6fd0000 - 0x00007ffcd6fdc000 	C:\Program Files\JetBrains\IntelliJ IDEA Community Edition 2024.3.5\jbr\bin\vcruntime140_1.dll
0x00007ffc90520000 - 0x00007ffc905ad000 	C:\Program Files\JetBrains\IntelliJ IDEA Community Edition 2024.3.5\jbr\bin\msvcp140.dll
0x00007ffc64360000 - 0x00007ffc65121000 	C:\Program Files\JetBrains\IntelliJ IDEA Community Edition 2024.3.5\jbr\bin\server\jvm.dll
0x00007ffcf0880000 - 0x00007ffcf0934000 	C:\WINDOWS\System32\ADVAPI32.dll
0x00007ffcf2720000 - 0x00007ffcf27c6000 	C:\WINDOWS\System32\sechost.dll
0x00007ffcf22b0000 - 0x00007ffcf23c8000 	C:\WINDOWS\System32\RPCRT4.dll
0x00007ffcf2830000 - 0x00007ffcf28a4000 	C:\WINDOWS\System32\WS2_32.dll
0x00007ffcd5e60000 - 0x00007ffcd5e6b000 	C:\WINDOWS\SYSTEM32\VERSION.dll
0x00007ffcea420000 - 0x00007ffcea455000 	C:\WINDOWS\SYSTEM32\WINMM.dll
0x00007ffcef9b0000 - 0x00007ffcefa0e000 	C:\WINDOWS\SYSTEM32\POWRPROF.dll
0x00007ffcef990000 - 0x00007ffcef9a4000 	C:\WINDOWS\SYSTEM32\UMPDC.dll
0x00007ffcee900000 - 0x00007ffcee91b000 	C:\WINDOWS\SYSTEM32\kernel.appcore.dll
0x00007ffcd6fa0000 - 0x00007ffcd6faa000 	C:\Program Files\JetBrains\IntelliJ IDEA Community Edition 2024.3.5\jbr\bin\jimage.dll
0x00007ffced170000 - 0x00007ffced3b2000 	C:\WINDOWS\SYSTEM32\DBGHELP.DLL
0x00007ffcf09d0000 - 0x00007ffcf0d56000 	C:\WINDOWS\System32\combase.dll
0x00007ffcf1ba0000 - 0x00007ffcf1c76000 	C:\WINDOWS\System32\OLEAUT32.dll
0x00007ffcce450000 - 0x00007ffcce48c000 	C:\WINDOWS\SYSTEM32\dbgcore.DLL
0x00007ffcf02e0000 - 0x00007ffcf0385000 	C:\WINDOWS\System32\bcryptPrimitives.dll
0x00007ffcd6860000 - 0x00007ffcd6880000 	C:\Program Files\JetBrains\IntelliJ IDEA Community Edition 2024.3.5\jbr\bin\java.dll

dbghelp: loaded successfully - version: 4.0.5 - missing functions: none
symbol engine: initialized successfully - sym options: 0x614 - pdb path: .;C:\Program Files\JetBrains\IntelliJ IDEA Community Edition 2024.3.5\jbr\bin;C:\WINDOWS\SYSTEM32;C:\WINDOWS\WinSxS\amd64_microsoft.windows.common-controls_6595b64144ccf1df_6.0.26100.7309_none_3e05feeae336a044;C:\Program Files\JetBrains\IntelliJ IDEA Community Edition 2024.3.5\jbr\bin\server

VM Arguments:
java_command: git4idea.http.GitAskPassApp Username for 'https://github.com': 
java_class_path (initial): C:/Program Files/JetBrains/IntelliJ IDEA Community Edition 2024.3.5/plugins/vcs-git/lib/git4idea-rt.jar;C:/Program Files/JetBrains/IntelliJ IDEA Community Edition 2024.3.5/lib/externalProcess-rt.jar
Launcher Type: SUN_STANDARD

[Global flags]
     intx CICompilerCount                          = 3                                         {product} {ergonomic}
     uint ConcGCThreads                            = 2                                         {product} {ergonomic}
     uint G1ConcRefinementThreads                  = 6                                         {product} {ergonomic}
   size_t G1HeapRegionSize                         = 1048576                                   {product} {ergonomic}
    uintx GCDrainStackTargetSize                   = 64                                        {product} {ergonomic}
   size_t InitialHeapSize                          = 130023424                                 {product} {ergonomic}
   size_t MarkStackSize                            = 4194304                                   {product} {ergonomic}
   size_t MaxHeapSize                              = 2065694720                                {product} {ergonomic}
   size_t MinHeapDeltaBytes                        = 1048576                                   {product} {ergonomic}
   size_t MinHeapSize                              = 8388608                                   {product} {ergonomic}
    uintx NonNMethodCodeHeapSize                   = 5832780                                {pd product} {ergonomic}
    uintx NonProfiledCodeHeapSize                  = 122912730                              {pd product} {ergonomic}
    uintx ProfiledCodeHeapSize                     = 122912730                              {pd product} {ergonomic}
    uintx ReservedCodeCacheSize                    = 251658240                              {pd product} {ergonomic}
     bool SegmentedCodeCache                       = true                                      {product} {ergonomic}
   size_t SoftMaxHeapSize                          = 2065694720                             {manageable} {ergonomic}
     bool UseCompressedOops                        = true                           {product lp64_product} {ergonomic}
     bool UseG1GC                                  = true                                      {product} {ergonomic}
     bool UseLargePagesIndividualAllocation        = false                                  {pd product} {ergonomic}

Logging:
Log output configuration:
 #0: stdout all=warning uptime,level,tags foldmultilines=false
 #1: stderr all=off uptime,level,tags foldmultilines=false

Environment Variables:
JAVA_HOME=C:\Program Files\Eclipse Adoptium\jdk-17.0.17.10-hotspot

PATH=C:\Program Files\Git\mingw64\libexec\git-core;C:\Program Files\Git\mingw64\libexec\git-core;C:\Program Files\Git\mingw64\bin;C:\Program Files\Git\usr\bin;C:\Users\kavin\bin;C:\Program Files\Apache\Maven\apache-maven-3.9.1\bin;C:\Users\kavin\OneDrive\Documents\sdks\flutter\bin;C:\Program Files\Eclipse Adoptium\jdk-17.0.17.10-hotspot\bin;C:\Program Files\Microsoft MPI\Bin;C:\Program Files\Java\jdk-11.0.16\bin;C:\Program Files\Common Files\Oracle\Java\javapath;C:\WINDOWS\system32;C:\Program Files\Geany;C:\WINDOWS;C:\WINDOWS\System32\Wbem;C:\WINDOWS\System32\WindowsPowerShell\v1.0;C:\WINDOWS\System32\OpenSSH;C:\Program Files\dotnet;C:\FPC\3.2.2\bin\i386-Win32;C:\Program Files\Microsoft\Web Platform Installer;C:\Program Files (x86)\Microsoft ASP.NET\ASP.NET Web Pages\v1.0;C:\Program Files (x86)\Windows Kits\8.0\Windows Performance Toolkit;C:\Program Files\Microsoft SQL Server\Client SDK\ODBC\170\Tools\Binn;C:\Program Files\Microsoft SQL Server\150\DTS\Binn;C:\Program Files (x86)\Microsoft SQL Server\150\Tools\Binn;C:\Program Files\Microsoft SQL Server\150\Tools\Binn;C:\Program Files\Azure Data Studio\bin;C:\Program Files\MySQL\MySQL Server 8.4\bin;C:\Program Files\Git\cmd;C:\Program Files\nodejs;C:\Users\kavin\AppData\Local\Programs\Python\Python312\Scripts;C:\Users\kavin\AppData\Local\Programs\Python\Python312;C:\Users\kavin\AppData\Local\Programs\Python\Launcher;C:\Users\kavin\AppData\Local\Microsoft\WindowsApps;C:\Program Files\JetBrains\PyCharm Community Edition 2022.1.1\bin;C:\Users\kavin\AppData\Local\Programs\Microsoft VS Code\bin;C:\Program Files\Azure Data Studio\bin;C:\Users\kavin\AppData\Roaming\npm;C:\Users\kavin\OneDrive\Documents\sdks\flutter\bin;F:\ICD117\project class
USERNAME=kavin
DISPLAY=:0.0
LC_ALL=en_US.UTF-8
TERM=xterm-256color
TMPDIR=C:\Users\kavin\AppData\Local\Temp
OS=Windows_NT
PROCESSOR_IDENTIFIER=Intel64 Family 6 Model 186 Stepping 3, GenuineIntel
TMP=C:\Users\kavin\AppData\Local\Temp
TEMP=C:\Users\kavin\AppData\Local\Temp




Periodic native trim disabled

JNI global refs:
JNI global refs: 0, weak refs: 0

JNI global refs memory usage: 0, weak refs: 0

Process memory usage:
Resident Set Size: 12712K (0% of 8065744K total physical memory with 475244K free physical memory)

OOME stack traces (most recent first):
Classloader memory used:

---------------  S Y S T E M  ---------------

OS:
 Windows 11 , 64 bit Build 26100 (10.0.26100.7309)
OS uptime: 4 days 17:17 hours
Hyper-V role detected

CPU: total 6 (initial active 6) (3 cores per cpu, 2 threads per core) family 6 model 186 stepping 3 microcode 0x4128, cx8, cmov, fxsr, ht, mmx, 3dnowpref, sse, sse2, sse3, ssse3, sse4.1, sse4.2, popcnt, lzcnt, tsc, tscinvbit, avx, avx2, aes, erms, clmul, bmi1, bmi2, adx, sha, fma, vzeroupper, clflush, clflushopt, clwb, hv, serialize, rdtscp, rdpid, fsrm, f16c, cet_ibt, cet_ss
Processor Information for processor 0
  Max Mhz: 1600, Current Mhz: 1600, Mhz Limit: 1600
Processor Information for processor 1
  Max Mhz: 1600, Current Mhz: 1600, Mhz Limit: 1600
Processor Information for processor 2
  Max Mhz: 1600, Current Mhz: 1466, Mhz Limit: 1600
Processor Information for processor 3
  Max Mhz: 1600, Current Mhz: 1600, Mhz Limit: 1600
Processor Information for processor 4
  Max Mhz: 1600, Current Mhz: 1600, Mhz Limit: 1600
Processor Information for processor 5
  Max Mhz: 1600, Current Mhz: 1600, Mhz Limit: 1600

Memory: 4k page, system-wide physical 7876M (464M free)
TotalPageFile size 13876M (AvailPageFile size 5M)
current process WorkingSet (physical memory assigned to process): 12M, peak: 12M
current process commit charge ("private bytes"): 180M, peak: 182M

vm_info: OpenJDK 64-Bit Server VM (21.0.6+8-b631.39) for windows-amd64 JRE (21.0.6+8-b631.39), built on 2025-02-04 by "builduser" with MS VC++ 16.10 / 16.11 (VS2019)

END.
